       Step     Time          Energy          fmax
MDMin:    0 15:37:03        0.000000        0.000000
       Step     Time          Energy          fmax
MDMin:    0 15:42:34        0.000000        0.000000
       Step     Time          Energy          fmax
MDMin:    0 15:43:59        0.000000        0.000000
       Step     Time          Energy          fmax
MDMin:    0 15:44:25        0.000000        0.000000
       Step     Time          Energy          fmax
MDMin:    0 15:48:05        0.000000        0.000000
       Step     Time          Energy          fmax
MDMin:    0 16:03:26        0.000000        0.000000
       Step     Time          Energy          fmax
MDMin:    0 16:14:33        0.000000        0.000000
       Step     Time          Energy          fmax
MDMin:    0 16:20:20        0.000000        0.000000
       Step     Time          Energy          fmax
MDMin:    0 13:29:28        0.000000        0.000000
       Step     Time          Energy          fmax
MDMin:    0 13:30:49        0.000000        0.000000
       Step     Time          Energy          fmax
MDMin:    0 15:54:38        0.000000        0.000000
       Step     Time          Energy          fmax
MDMin:    0 15:55:06        0.000000        0.000000
       Step     Time          Energy          fmax
MDMin:    0 10:05:25        0.000000        0.000000
       Step     Time          Energy          fmax
MDMin:    0 10:05:25        0.000000        0.000000
       Step     Time          Energy          fmax
MDMin:    0 10:11:31        0.000000        0.000000
       Step     Time          Energy          fmax
MDMin:    0 10:11:31        0.000000        0.000000
       Step     Time          Energy          fmax
MDMin:    0 10:11:42        0.000000        0.000000
       Step     Time          Energy          fmax
MDMin:    0 10:11:42        0.000000        0.000000
       Step     Time          Energy          fmax
MDMin:    0 10:11:42        0.000000        0.000000
       Step     Time          Energy          fmax
MDMin:    0 10:11:42        0.000000        0.000000
       Step     Time          Energy          fmax
MDMin:    0 10:17:09        0.000000        0.000000
       Step     Time          Energy          fmax
MDMin:    0 10:17:09        0.000000        0.000000
       Step     Time          Energy          fmax
MDMin:    0 10:17:09        0.000000        0.000000
       Step     Time          Energy          fmax
MDMin:    0 10:17:09        0.000000        0.000000
       Step     Time          Energy          fmax
MDMin:    0 10:17:54        0.000000        0.000000
       Step     Time          Energy          fmax
MDMin:    0 10:17:54        0.000000        0.000000
       Step     Time          Energy          fmax
MDMin:    0 10:44:38        0.000000        0.000000
       Step     Time          Energy          fmax
MDMin:    0 10:44:38        0.000000        0.000000
       Step     Time          Energy          fmax
MDMin:    0 10:55:06        0.000000        0.000000
       Step     Time          Energy          fmax
MDMin:    0 10:55:06        0.000000        0.000000
       Step     Time          Energy          fmax
MDMin:    0 10:55:18        0.000000        0.000000
       Step     Time          Energy          fmax
MDMin:    0 10:55:18        0.000000        0.000000
       Step     Time          Energy          fmax
MDMin:    0 11:05:11        0.000000        0.000000
       Step     Time          Energy          fmax
MDMin:    0 11:05:11        0.000000        0.000000
       Step     Time          Energy          fmax
MDMin:    0 11:51:05        0.000000        0.000000
       Step     Time          Energy          fmax
MDMin:    0 11:51:05        0.000000        0.000000
       Step     Time          Energy          fmax
MDMin:    0 11:53:32        0.000000        0.000000
       Step     Time          Energy          fmax
MDMin:    0 11:53:32        0.000000        0.000000
       Step     Time          Energy          fmax
MDMin:    0 11:53:48        0.000000        0.000000
       Step     Time          Energy          fmax
MDMin:    0 11:53:48        0.000000        0.000000
       Step     Time          Energy          fmax
MDMin:    0 11:59:55        0.000000        0.000000
       Step     Time          Energy          fmax
MDMin:    0 11:59:56        0.000000        0.000000
       Step     Time          Energy          fmax
MDMin:    0 12:09:19        0.000000        0.000000
       Step     Time          Energy          fmax
MDMin:    0 12:09:19        0.000000        0.000000
       Step     Time          Energy          fmax
MDMin:    0 12:11:51        0.000000        0.000000
       Step     Time          Energy          fmax
MDMin:    0 12:11:51        0.000000        0.000000
       Step     Time          Energy          fmax
MDMin:    0 12:12:23        0.000000        0.000000
       Step     Time          Energy          fmax
MDMin:    0 12:12:23        0.000000        0.000000
       Step     Time          Energy          fmax
MDMin:    0 12:12:34        0.000000        0.000000
       Step     Time          Energy          fmax
MDMin:    0 12:12:34        0.000000        0.000000
       Step     Time          Energy          fmax
MDMin:    0 13:05:06        0.000000        0.000000
       Step     Time          Energy          fmax
MDMin:    0 13:05:06        0.000000        0.000000
       Step     Time          Energy          fmax
MDMin:    0 13:06:23        0.000000        0.000000
       Step     Time          Energy          fmax
MDMin:    0 13:06:23        0.000000        0.000000
       Step     Time          Energy          fmax
MDMin:    0 13:09:04        0.000000        0.000000
       Step     Time          Energy          fmax
MDMin:    0 13:09:04        0.000000        0.000000
       Step     Time          Energy          fmax
MDMin:    0 13:12:46        0.000000        0.000000
       Step     Time          Energy          fmax
MDMin:    0 13:12:49        0.000000        0.000000
       Step     Time          Energy          fmax
MDMin:    0 13:50:39        0.000000        0.000000
       Step     Time          Energy          fmax
MDMin:    0 13:50:55        0.000000        0.000000
       Step     Time          Energy          fmax
MDMin:    0 13:51:24        0.670312        0.563633
MDMin:    1 13:51:24        0.654376        0.534347
MDMin:    2 13:51:24        0.611027        0.457485
MDMin:    3 13:51:24        0.550427        0.378138
MDMin:    4 13:51:24        0.483407        0.305536
MDMin:    5 13:51:24        0.418030        0.253010
MDMin:    6 13:51:24        0.359123        0.246529
MDMin:    7 13:51:24        0.307491        0.232812
MDMin:    8 13:51:25        0.262396        0.214846
MDMin:    9 13:51:25        0.223218        0.195070
MDMin:   10 13:51:25        0.188774        0.173739
MDMin:   11 13:51:25        0.157698        0.148750
MDMin:   12 13:51:25        0.129542        0.119987
MDMin:   13 13:51:25        0.104816        0.089482
       Step     Time          Energy          fmax
MDMin:    0 13:53:43        0.000000        0.000000
       Step     Time          Energy          fmax
MDMin:    0 13:56:12        0.670312        0.563633
MDMin:    1 13:56:12        0.654376        0.534347
MDMin:    2 13:56:12        0.611027        0.457485
MDMin:    3 13:56:12        0.550427        0.378138
MDMin:    4 13:56:13        0.483407        0.305536
MDMin:    5 13:56:13        0.418030        0.253010
MDMin:    6 13:56:13        0.359123        0.246529
MDMin:    7 13:56:13        0.307491        0.232812
MDMin:    8 13:56:13        0.262396        0.214846
MDMin:    9 13:56:13        0.223218        0.195070
MDMin:   10 13:56:13        0.188774        0.173739
MDMin:   11 13:56:14        0.157698        0.148750
MDMin:   12 13:56:14        0.129542        0.119987
MDMin:   13 13:56:14        0.104816        0.089482
       Step     Time          Energy          fmax
MDMin:    0 13:56:14        0.670312        0.563633
MDMin:    1 13:56:14        0.654376        0.534347
MDMin:    2 13:56:14        0.611027        0.457485
MDMin:    3 13:56:14        0.550427        0.378138
MDMin:    4 13:56:15        0.483407        0.305536
MDMin:    5 13:56:15        0.418030        0.253010
MDMin:    6 13:56:15        0.359123        0.246529
MDMin:    7 13:56:15        0.307491        0.232812
MDMin:    8 13:56:15        0.262396        0.214846
MDMin:    9 13:56:15        0.223218        0.195070
MDMin:   10 13:56:15        0.188774        0.173739
MDMin:   11 13:56:15        0.157698        0.148750
MDMin:   12 13:56:16        0.129542        0.119987
MDMin:   13 13:56:16        0.104816        0.089482
       Step     Time          Energy          fmax
MDMin:    0 16:40:10        0.670312        0.563633
MDMin:    1 16:40:10        0.654376        0.534347
MDMin:    2 16:40:10        0.611027        0.457485
MDMin:    3 16:40:10        0.550427        0.378138
MDMin:    4 16:40:10        0.483407        0.305536
MDMin:    5 16:40:10        0.418030        0.253010
MDMin:    6 16:40:11        0.359123        0.246529
MDMin:    7 16:40:11        0.307491        0.232812
MDMin:    8 16:40:11        0.262396        0.214846
MDMin:    9 16:40:11        0.223218        0.195070
MDMin:   10 16:40:11        0.188774        0.173739
MDMin:   11 16:40:11        0.157698        0.148750
MDMin:   12 16:40:11        0.129542        0.119987
MDMin:   13 16:40:12        0.104816        0.089482
       Step     Time          Energy          fmax
MDMin:    0 16:42:29        0.670312        0.563633
MDMin:    1 16:42:29        0.654376        0.534347
MDMin:    2 16:42:29        0.611027        0.457485
MDMin:    3 16:42:29        0.550427        0.378138
MDMin:    4 16:42:29        0.483407        0.305536
MDMin:    5 16:42:29        0.418030        0.253010
MDMin:    6 16:42:30        0.359123        0.246529
MDMin:    7 16:42:30        0.307491        0.232812
MDMin:    8 16:42:30        0.262396        0.214846
MDMin:    9 16:42:30        0.223218        0.195070
MDMin:   10 16:42:30        0.188774        0.173739
MDMin:   11 16:42:30        0.157698        0.148750
MDMin:   12 16:42:30        0.129542        0.119987
MDMin:   13 16:42:31        0.104816        0.089482
       Step     Time          Energy          fmax
MDMin:    0 15:50:04        0.670312        0.563633
MDMin:    1 15:50:05        0.654376        0.534347
MDMin:    2 15:50:05        0.611027        0.457485
MDMin:    3 15:50:05        0.550427        0.378138
MDMin:    4 15:50:05        0.483407        0.305536
MDMin:    5 15:50:05        0.418030        0.253010
MDMin:    6 15:50:05        0.359123        0.246529
MDMin:    7 15:50:05        0.307491        0.232812
MDMin:    8 15:50:05        0.262396        0.214846
MDMin:    9 15:50:06        0.223218        0.195070
MDMin:   10 15:50:06        0.188774        0.173739
MDMin:   11 15:50:06        0.157698        0.148750
MDMin:   12 15:50:06        0.129542        0.119987
MDMin:   13 15:50:06        0.104816        0.089482
       Step     Time          Energy          fmax
MDMin:    0 15:50:07        0.670312        0.563633
MDMin:    1 15:50:07        0.654376        0.534347
MDMin:    2 15:50:07        0.611027        0.457485
MDMin:    3 15:50:07        0.550427        0.378138
MDMin:    4 15:50:07        0.483407        0.305536
MDMin:    5 15:50:07        0.418030        0.253010
MDMin:    6 15:50:08        0.359123        0.246529
MDMin:    7 15:50:08        0.307491        0.232812
MDMin:    8 15:50:08        0.262396        0.214846
MDMin:    9 15:50:08        0.223218        0.195070
MDMin:   10 15:50:08        0.188774        0.173739
MDMin:   11 15:50:08        0.157698        0.148750
MDMin:   12 15:50:08        0.129542        0.119987
MDMin:   13 15:50:09        0.104816        0.089482
       Step     Time          Energy          fmax
MDMin:    0 15:15:06        0.654271        0.561297
MDMin:    1 15:15:06        0.638469        0.532233
MDMin:    2 15:15:06        0.595486        0.455867
MDMin:    3 15:15:06        0.535450        0.381767
MDMin:    4 15:15:06        0.469169        0.308787
MDMin:    5 15:15:06        0.404742        0.256958
MDMin:    6 15:15:07        0.347043        0.249741
MDMin:    7 15:15:07        0.296858        0.235273
MDMin:    8 15:15:07        0.253216        0.216299
MDMin:    9 15:15:07        0.215238        0.195781
MDMin:   10 15:15:07        0.181648        0.173857
MDMin:   11 15:15:07        0.151143        0.148735
MDMin:   12 15:15:07        0.123387        0.120253
MDMin:   13 15:15:07        0.098979        0.090851
       Step     Time          Energy          fmax
MDMin:    0 15:15:07        0.654271        0.561297
MDMin:    1 15:15:07        0.638469        0.532233
MDMin:    2 15:15:07        0.595486        0.455867
MDMin:    3 15:15:08        0.535450        0.381767
MDMin:    4 15:15:08        0.469169        0.308787
MDMin:    5 15:15:08        0.404742        0.256958
MDMin:    6 15:15:08        0.347043        0.249741
MDMin:    7 15:15:08        0.296858        0.235273
MDMin:    8 15:15:08        0.253216        0.216299
MDMin:    9 15:15:08        0.215238        0.195781
MDMin:   10 15:15:08        0.181648        0.173857
MDMin:   11 15:15:08        0.151143        0.148735
MDMin:   12 15:15:08        0.123387        0.120253
MDMin:   13 15:15:08        0.098979        0.090851
       Step     Time          Energy          fmax
MDMin:    0 23:54:01        0.654271        0.561297
MDMin:    1 23:54:01        0.638469        0.532233
MDMin:    2 23:54:02        0.595486        0.455867
MDMin:    3 23:54:02        0.535450        0.381767
MDMin:    4 23:54:02        0.469169        0.308787
MDMin:    5 23:54:02        0.404742        0.256958
MDMin:    6 23:54:02        0.347043        0.249741
MDMin:    7 23:54:02        0.296858        0.235273
MDMin:    8 23:54:02        0.253216        0.216299
MDMin:    9 23:54:02        0.215238        0.195781
MDMin:   10 23:54:02        0.181648        0.173857
MDMin:   11 23:54:02        0.151143        0.148735
MDMin:   12 23:54:02        0.123387        0.120253
MDMin:   13 23:54:02        0.098979        0.090851
       Step     Time          Energy          fmax
MDMin:    0 23:55:08        0.654271        0.561297
MDMin:    1 23:55:08        0.638469        0.532233
MDMin:    2 23:55:08        0.595486        0.455867
MDMin:    3 23:55:08        0.535450        0.381767
MDMin:    4 23:55:08        0.469169        0.308787
MDMin:    5 23:55:09        0.404742        0.256958
MDMin:    6 23:55:09        0.347043        0.249741
MDMin:    7 23:55:09        0.296858        0.235273
MDMin:    8 23:55:09        0.253216        0.216299
MDMin:    9 23:55:09        0.215238        0.195781
MDMin:   10 23:55:09        0.181648        0.173857
MDMin:   11 23:55:09        0.151143        0.148735
MDMin:   12 23:55:09        0.123387        0.120253
MDMin:   13 23:55:09        0.098979        0.090851
       Step     Time          Energy          fmax
MDMin:    0 23:57:30        0.654271        0.561297
MDMin:    1 23:57:30        0.638469        0.532233
MDMin:    2 23:57:30        0.595486        0.455867
MDMin:    3 23:57:30        0.535450        0.381767
MDMin:    4 23:57:30        0.469169        0.308787
MDMin:    5 23:57:30        0.404742        0.256958
MDMin:    6 23:57:30        0.347043        0.249741
MDMin:    7 23:57:30        0.296858        0.235273
MDMin:    8 23:57:30        0.253216        0.216299
MDMin:    9 23:57:30        0.215238        0.195781
MDMin:   10 23:57:30        0.181648        0.173857
MDMin:   11 23:57:30        0.151143        0.148735
MDMin:   12 23:57:30        0.123387        0.120253
MDMin:   13 23:57:31        0.098979        0.090851
       Step     Time          Energy          fmax
MDMin:    0 23:58:38        0.654271        0.561297
MDMin:    1 23:58:38        0.638469        0.532233
MDMin:    2 23:58:38        0.595486        0.455867
MDMin:    3 23:58:38        0.535450        0.381767
MDMin:    4 23:58:38        0.469169        0.308787
MDMin:    5 23:58:38        0.404742        0.256958
MDMin:    6 23:58:38        0.347043        0.249741
MDMin:    7 23:58:38        0.296858        0.235273
MDMin:    8 23:58:38        0.253216        0.216299
MDMin:    9 23:58:38        0.215238        0.195781
MDMin:   10 23:58:38        0.181648        0.173857
MDMin:   11 23:58:39        0.151143        0.148735
MDMin:   12 23:58:39        0.123387        0.120253
MDMin:   13 23:58:39        0.098979        0.090851
       Step     Time          Energy          fmax
MDMin:    0 23:59:09        0.654271        0.561297
MDMin:    1 23:59:09        0.638469        0.532233
MDMin:    2 23:59:09        0.595486        0.455867
MDMin:    3 23:59:09        0.535450        0.381767
MDMin:    4 23:59:09        0.469169        0.308787
MDMin:    5 23:59:09        0.404742        0.256958
MDMin:    6 23:59:10        0.347043        0.249741
MDMin:    7 23:59:10        0.296858        0.235273
MDMin:    8 23:59:10        0.253216        0.216299
MDMin:    9 23:59:10        0.215238        0.195781
MDMin:   10 23:59:10        0.181648        0.173857
MDMin:   11 23:59:10        0.151143        0.148735
MDMin:   12 23:59:10        0.123387        0.120253
MDMin:   13 23:59:10        0.098979        0.090851
       Step     Time          Energy          fmax
MDMin:    0 00:00:15        0.654271        0.561297
MDMin:    1 00:00:15        0.638469        0.532233
MDMin:    2 00:00:16        0.595486        0.455867
MDMin:    3 00:00:16        0.535450        0.381767
MDMin:    4 00:00:16        0.469169        0.308787
MDMin:    5 00:00:16        0.404742        0.256958
MDMin:    6 00:00:16        0.347043        0.249741
MDMin:    7 00:00:16        0.296858        0.235273
MDMin:    8 00:00:16        0.253216        0.216299
MDMin:    9 00:00:16        0.215238        0.195781
MDMin:   10 00:00:16        0.181648        0.173857
MDMin:   11 00:00:16        0.151143        0.148735
MDMin:   12 00:00:16        0.123387        0.120253
MDMin:   13 00:00:16        0.098979        0.090851
       Step     Time          Energy          fmax
MDMin:    0 00:06:30        0.654271        0.561297
MDMin:    1 00:06:30        0.638469        0.532233
MDMin:    2 00:06:31        0.595486        0.455867
MDMin:    3 00:06:31        0.535450        0.381767
MDMin:    4 00:06:31        0.469169        0.308787
MDMin:    5 00:06:31        0.404742        0.256958
MDMin:    6 00:06:31        0.347043        0.249741
MDMin:    7 00:06:31        0.296858        0.235273
MDMin:    8 00:06:31        0.253216        0.216299
MDMin:    9 00:06:31        0.215238        0.195781
MDMin:   10 00:06:31        0.181648        0.173857
MDMin:   11 00:06:31        0.151143        0.148735
MDMin:   12 00:06:31        0.123387        0.120253
MDMin:   13 00:06:32        0.098979        0.090851
       Step     Time          Energy          fmax
MDMin:    0 00:07:37        0.654271        0.561297
MDMin:    1 00:07:37        0.638469        0.532233
MDMin:    2 00:07:37        0.595486        0.455867
MDMin:    3 00:07:37        0.535450        0.381767
MDMin:    4 00:07:37        0.469169        0.308787
MDMin:    5 00:07:37        0.404742        0.256958
MDMin:    6 00:07:37        0.347043        0.249741
MDMin:    7 00:07:37        0.296858        0.235273
MDMin:    8 00:07:37        0.253216        0.216299
MDMin:    9 00:07:38        0.215238        0.195781
MDMin:   10 00:07:38        0.181648        0.173857
MDMin:   11 00:07:38        0.151143        0.148735
MDMin:   12 00:07:38        0.123387        0.120253
MDMin:   13 00:07:38        0.098979        0.090851
       Step     Time          Energy          fmax
MDMin:    0 00:09:35        0.654271        0.561297
MDMin:    1 00:09:35        0.638469        0.532233
MDMin:    2 00:09:35        0.595486        0.455867
MDMin:    3 00:09:35        0.535450        0.381767
MDMin:    4 00:09:35        0.469169        0.308787
MDMin:    5 00:09:35        0.404742        0.256958
MDMin:    6 00:09:35        0.347043        0.249741
MDMin:    7 00:09:35        0.296858        0.235273
MDMin:    8 00:09:35        0.253216        0.216299
MDMin:    9 00:09:35        0.215238        0.195781
MDMin:   10 00:09:35        0.181648        0.173857
MDMin:   11 00:09:35        0.151143        0.148735
MDMin:   12 00:09:36        0.123387        0.120253
MDMin:   13 00:09:36        0.098979        0.090851
       Step     Time          Energy          fmax
MDMin:    0 00:10:41        0.654271        0.561297
MDMin:    1 00:10:41        0.638469        0.532233
MDMin:    2 00:10:41        0.595486        0.455867
MDMin:    3 00:10:41        0.535450        0.381767
MDMin:    4 00:10:41        0.469169        0.308787
MDMin:    5 00:10:41        0.404742        0.256958
MDMin:    6 00:10:41        0.347043        0.249741
MDMin:    7 00:10:41        0.296858        0.235273
MDMin:    8 00:10:41        0.253216        0.216299
MDMin:    9 00:10:41        0.215238        0.195781
MDMin:   10 00:10:42        0.181648        0.173857
MDMin:   11 00:10:42        0.151143        0.148735
MDMin:   12 00:10:42        0.123387        0.120253
MDMin:   13 00:10:42        0.098979        0.090851
       Step     Time          Energy          fmax
MDMin:    0 00:13:57        0.654271        0.561297
MDMin:    1 00:13:58        0.638469        0.532233
MDMin:    2 00:13:58        0.595486        0.455867
MDMin:    3 00:13:58        0.535450        0.381767
MDMin:    4 00:13:58        0.469169        0.308787
MDMin:    5 00:13:58        0.404742        0.256958
MDMin:    6 00:13:58        0.347043        0.249741
MDMin:    7 00:13:58        0.296858        0.235273
MDMin:    8 00:13:58        0.253216        0.216299
MDMin:    9 00:13:58        0.215238        0.195781
MDMin:   10 00:13:58        0.181648        0.173857
MDMin:   11 00:13:58        0.151143        0.148735
MDMin:   12 00:13:58        0.123387        0.120253
MDMin:   13 00:13:59        0.098979        0.090851
       Step     Time          Energy          fmax
MDMin:    0 00:13:59        0.654271        0.561297
MDMin:    1 00:13:59        0.638469        0.532233
MDMin:    2 00:13:59        0.595486        0.455867
MDMin:    3 00:13:59        0.535450        0.381767
MDMin:    4 00:13:59        0.469169        0.308787
MDMin:    5 00:13:59        0.404742        0.256958
MDMin:    6 00:13:59        0.347043        0.249741
MDMin:    7 00:13:59        0.296858        0.235273
MDMin:    8 00:13:59        0.253216        0.216299
MDMin:    9 00:13:59        0.215238        0.195781
MDMin:   10 00:14:00        0.181648        0.173857
MDMin:   11 00:14:00        0.151143        0.148735
MDMin:   12 00:14:00        0.123387        0.120253
MDMin:   13 00:14:00        0.098979        0.090851
       Step     Time          Energy          fmax
MDMin:    0 00:25:11        0.654271        0.561297
MDMin:    1 00:25:11        0.638469        0.532233
MDMin:    2 00:25:12        0.595486        0.455867
MDMin:    3 00:25:12        0.535450        0.381767
MDMin:    4 00:25:12        0.469169        0.308787
MDMin:    5 00:25:12        0.404742        0.256958
MDMin:    6 00:25:12        0.347043        0.249741
MDMin:    7 00:25:12        0.296858        0.235273
MDMin:    8 00:25:12        0.253216        0.216299
MDMin:    9 00:25:12        0.215238        0.195781
MDMin:   10 00:25:12        0.181648        0.173857
MDMin:   11 00:25:12        0.151143        0.148735
MDMin:   12 00:25:12        0.123387        0.120253
MDMin:   13 00:25:12        0.098979        0.090851
       Step     Time          Energy          fmax
MDMin:    0 00:32:57        0.654271        0.561297
MDMin:    1 00:32:57        0.638469        0.532233
MDMin:    2 00:32:57        0.595486        0.455867
MDMin:    3 00:32:57        0.535450        0.381767
MDMin:    4 00:32:57        0.469169        0.308787
MDMin:    5 00:32:57        0.404742        0.256958
MDMin:    6 00:32:57        0.347043        0.249741
MDMin:    7 00:32:57        0.296858        0.235273
MDMin:    8 00:32:57        0.253216        0.216299
MDMin:    9 00:32:58        0.215238        0.195781
MDMin:   10 00:32:58        0.181648        0.173857
MDMin:   11 00:32:58        0.151143        0.148735
MDMin:   12 00:32:58        0.123387        0.120253
MDMin:   13 00:32:58        0.098979        0.090851
       Step     Time          Energy          fmax
MDMin:    0 00:34:53        0.654271        0.561297
MDMin:    1 00:34:53        0.638469        0.532233
MDMin:    2 00:34:53        0.595486        0.455867
MDMin:    3 00:34:53        0.535450        0.381767
MDMin:    4 00:34:53        0.469169        0.308787
MDMin:    5 00:34:53        0.404742        0.256958
MDMin:    6 00:34:53        0.347043        0.249741
MDMin:    7 00:34:53        0.296858        0.235273
MDMin:    8 00:34:53        0.253216        0.216299
MDMin:    9 00:34:53        0.215238        0.195781
MDMin:   10 00:34:53        0.181648        0.173857
MDMin:   11 00:34:53        0.151143        0.148735
MDMin:   12 00:34:54        0.123387        0.120253
MDMin:   13 00:34:54        0.098979        0.090851
       Step     Time          Energy          fmax
MDMin:    0 00:41:02        0.654271        0.561297
MDMin:    1 00:41:03        0.638469        0.532233
MDMin:    2 00:41:03        0.595486        0.455867
MDMin:    3 00:41:03        0.535450        0.381767
MDMin:    4 00:41:03        0.469169        0.308787
MDMin:    5 00:41:03        0.404742        0.256958
MDMin:    6 00:41:03        0.347043        0.249741
MDMin:    7 00:41:03        0.296858        0.235273
MDMin:    8 00:41:03        0.253216        0.216299
MDMin:    9 00:41:03        0.215238        0.195781
MDMin:   10 00:41:03        0.181648        0.173857
MDMin:   11 00:41:03        0.151143        0.148735
MDMin:   12 00:41:03        0.123387        0.120253
MDMin:   13 00:41:03        0.098979        0.090851
       Step     Time          Energy          fmax
MDMin:    0 00:44:40        0.654271        0.561297
MDMin:    1 00:44:40        0.638469        0.532233
MDMin:    2 00:44:40        0.595486        0.455867
MDMin:    3 00:44:40        0.535450        0.381767
MDMin:    4 00:44:40        0.469169        0.308787
MDMin:    5 00:44:40        0.404742        0.256958
MDMin:    6 00:44:40        0.347043        0.249741
MDMin:    7 00:44:40        0.296858        0.235273
MDMin:    8 00:44:40        0.253216        0.216299
MDMin:    9 00:44:40        0.215238        0.195781
MDMin:   10 00:44:40        0.181648        0.173857
MDMin:   11 00:44:40        0.151143        0.148735
MDMin:   12 00:44:40        0.123387        0.120253
MDMin:   13 00:44:41        0.098979        0.090851
       Step     Time          Energy          fmax
MDMin:    0 10:26:32        0.654271        0.561297
MDMin:    1 10:26:32        0.638469        0.532233
MDMin:    2 10:26:32        0.595486        0.455867
MDMin:    3 10:26:33        0.535450        0.381767
MDMin:    4 10:26:33        0.469169        0.308787
MDMin:    5 10:26:33        0.404742        0.256958
MDMin:    6 10:26:33        0.347043        0.249741
MDMin:    7 10:26:33        0.296858        0.235273
MDMin:    8 10:26:33        0.253216        0.216299
MDMin:    9 10:26:33        0.215238        0.195781
MDMin:   10 10:26:33        0.181648        0.173857
MDMin:   11 10:26:34        0.151143        0.148735
MDMin:   12 10:26:34        0.123387        0.120253
MDMin:   13 10:26:34        0.098979        0.090851
       Step     Time          Energy          fmax
MDMin:    0 12:10:20        0.654271        0.561297
MDMin:    1 12:10:20        0.638469        0.532233
MDMin:    2 12:10:20        0.595486        0.455867
MDMin:    3 12:10:20        0.535450        0.381767
MDMin:    4 12:10:20        0.469169        0.308787
MDMin:    5 12:10:20        0.404742        0.256958
MDMin:    6 12:10:20        0.347043        0.249741
MDMin:    7 12:10:20        0.296858        0.235273
MDMin:    8 12:10:21        0.253216        0.216299
MDMin:    9 12:10:21        0.215238        0.195781
MDMin:   10 12:10:21        0.181648        0.173857
MDMin:   11 12:10:21        0.151143        0.148735
MDMin:   12 12:10:21        0.123387        0.120253
MDMin:   13 12:10:21        0.098979        0.090851
       Step     Time          Energy          fmax
MDMin:    0 12:11:48        0.654271        0.561297
MDMin:    1 12:11:48        0.638469        0.532233
MDMin:    2 12:11:48        0.595486        0.455867
MDMin:    3 12:11:49        0.535450        0.381767
MDMin:    4 12:11:49        0.469169        0.308787
MDMin:    5 12:11:49        0.404742        0.256958
MDMin:    6 12:11:49        0.347043        0.249741
MDMin:    7 12:11:49        0.296858        0.235273
MDMin:    8 12:11:49        0.253216        0.216299
MDMin:    9 12:11:49        0.215238        0.195781
MDMin:   10 12:11:49        0.181648        0.173857
MDMin:   11 12:11:49        0.151143        0.148735
MDMin:   12 12:11:50        0.123387        0.120253
MDMin:   13 12:11:50        0.098979        0.090851
       Step     Time          Energy          fmax
MDMin:    0 12:14:32        0.654271        0.561297
MDMin:    1 12:14:32        0.638469        0.532233
MDMin:    2 12:14:32        0.595486        0.455867
MDMin:    3 12:14:32        0.535450        0.381767
MDMin:    4 12:14:32        0.469169        0.308787
MDMin:    5 12:14:32        0.404742        0.256958
MDMin:    6 12:14:32        0.347043        0.249741
MDMin:    7 12:14:32        0.296858        0.235273
MDMin:    8 12:14:32        0.253216        0.216299
MDMin:    9 12:14:32        0.215238        0.195781
MDMin:   10 12:14:33        0.181648        0.173857
MDMin:   11 12:14:33        0.151143        0.148735
MDMin:   12 12:14:33        0.123387        0.120253
MDMin:   13 12:14:33        0.098979        0.090851
       Step     Time          Energy          fmax
MDMin:    0 12:22:47        0.654271        0.561297
MDMin:    1 12:22:47        0.638469        0.532233
MDMin:    2 12:22:47        0.595486        0.455867
MDMin:    3 12:22:47        0.535450        0.381767
MDMin:    4 12:22:47        0.469169        0.308787
MDMin:    5 12:22:47        0.404742        0.256958
MDMin:    6 12:22:47        0.347043        0.249741
MDMin:    7 12:22:48        0.296858        0.235273
MDMin:    8 12:22:48        0.253216        0.216299
MDMin:    9 12:22:48        0.215238        0.195781
MDMin:   10 12:22:48        0.181648        0.173857
MDMin:   11 12:22:48        0.151143        0.148735
MDMin:   12 12:22:48        0.123387        0.120253
MDMin:   13 12:22:48        0.098979        0.090851
       Step     Time          Energy          fmax
MDMin:    0 12:23:31        0.654271        0.561297
MDMin:    1 12:23:32        0.638469        0.532233
MDMin:    2 12:23:32        0.595486        0.455867
MDMin:    3 12:23:32        0.535450        0.381767
MDMin:    4 12:23:32        0.469169        0.308787
MDMin:    5 12:23:32        0.404742        0.256958
MDMin:    6 12:23:32        0.347043        0.249741
MDMin:    7 12:23:32        0.296858        0.235273
MDMin:    8 12:23:32        0.253216        0.216299
MDMin:    9 12:23:33        0.215238        0.195781
MDMin:   10 12:23:33        0.181648        0.173857
MDMin:   11 12:23:33        0.151143        0.148735
MDMin:   12 12:23:33        0.123387        0.120253
MDMin:   13 12:23:33        0.098979        0.090851
       Step     Time          Energy          fmax
MDMin:    0 12:25:55        0.654271        0.561297
MDMin:    1 12:25:55        0.638469        0.532233
MDMin:    2 12:25:55        0.595486        0.455867
MDMin:    3 12:25:55        0.535450        0.381767
MDMin:    4 12:25:55        0.469169        0.308787
MDMin:    5 12:25:56        0.404742        0.256958
MDMin:    6 12:25:56        0.347043        0.249741
MDMin:    7 12:25:56        0.296858        0.235273
MDMin:    8 12:25:56        0.253216        0.216299
MDMin:    9 12:25:56        0.215238        0.195781
MDMin:   10 12:25:56        0.181648        0.173857
MDMin:   11 12:25:56        0.151143        0.148735
MDMin:   12 12:25:56        0.123387        0.120253
MDMin:   13 12:25:56        0.098979        0.090851
       Step     Time          Energy          fmax
MDMin:    0 15:58:55        0.654271        0.561297
MDMin:    1 15:58:56        0.638469        0.532233
MDMin:    2 15:58:56        0.595486        0.455867
MDMin:    3 15:58:56        0.535450        0.381767
MDMin:    4 15:58:56        0.469169        0.308787
MDMin:    5 15:58:56        0.404742        0.256958
MDMin:    6 15:58:56        0.347043        0.249741
MDMin:    7 15:58:56        0.296858        0.235273
MDMin:    8 15:58:56        0.253216        0.216299
MDMin:    9 15:58:56        0.215238        0.195781
MDMin:   10 15:58:56        0.181648        0.173857
MDMin:   11 15:58:56        0.151143        0.148735
MDMin:   12 15:58:56        0.123387        0.120253
MDMin:   13 15:58:57        0.098979        0.090851
       Step     Time          Energy          fmax
MDMin:    0 16:01:25        0.654271        0.561297
MDMin:    1 16:01:25        0.638469        0.532233
MDMin:    2 16:01:25        0.595486        0.455867
MDMin:    3 16:01:25        0.535450        0.381767
MDMin:    4 16:01:25        0.469169        0.308787
MDMin:    5 16:01:25        0.404742        0.256958
MDMin:    6 16:01:25        0.347043        0.249741
MDMin:    7 16:01:25        0.296858        0.235273
MDMin:    8 16:01:25        0.253216        0.216299
MDMin:    9 16:01:25        0.215238        0.195781
MDMin:   10 16:01:25        0.181648        0.173857
MDMin:   11 16:01:26        0.151143        0.148735
MDMin:   12 16:01:26        0.123387        0.120253
MDMin:   13 16:01:26        0.098979        0.090851
       Step     Time          Energy          fmax
MDMin:    0 16:01:35        0.654271        0.561297
MDMin:    1 16:01:35        0.638469        0.532233
MDMin:    2 16:01:35        0.595486        0.455867
MDMin:    3 16:01:35        0.535450        0.381767
MDMin:    4 16:01:35        0.469169        0.308787
MDMin:    5 16:01:35        0.404742        0.256958
MDMin:    6 16:01:35        0.347043        0.249741
MDMin:    7 16:01:35        0.296858        0.235273
MDMin:    8 16:01:36        0.253216        0.216299
MDMin:    9 16:01:36        0.215238        0.195781
MDMin:   10 16:01:36        0.181648        0.173857
MDMin:   11 16:01:36        0.151143        0.148735
MDMin:   12 16:01:36        0.123387        0.120253
MDMin:   13 16:01:36        0.098979        0.090851
       Step     Time          Energy          fmax
MDMin:    0 16:03:07        0.654271        0.561297
MDMin:    1 16:03:07        0.638469        0.532233
MDMin:    2 16:03:07        0.595486        0.455867
MDMin:    3 16:03:07        0.535450        0.381767
MDMin:    4 16:03:07        0.469169        0.308787
MDMin:    5 16:03:07        0.404742        0.256958
MDMin:    6 16:03:07        0.347043        0.249741
MDMin:    7 16:03:07        0.296858        0.235273
MDMin:    8 16:03:07        0.253216        0.216299
MDMin:    9 16:03:07        0.215238        0.195781
MDMin:   10 16:03:07        0.181648        0.173857
MDMin:   11 16:03:07        0.151143        0.148735
MDMin:   12 16:03:07        0.123387        0.120253
MDMin:   13 16:03:08        0.098979        0.090851
       Step     Time          Energy          fmax
MDMin:    0 16:03:56        0.654271        0.561297
MDMin:    1 16:03:56        0.638469        0.532233
MDMin:    2 16:03:56        0.595486        0.455867
MDMin:    3 16:03:56        0.535450        0.381767
MDMin:    4 16:03:56        0.469169        0.308787
MDMin:    5 16:03:56        0.404742        0.256958
MDMin:    6 16:03:57        0.347043        0.249741
MDMin:    7 16:03:57        0.296858        0.235273
MDMin:    8 16:03:57        0.253216        0.216299
MDMin:    9 16:03:57        0.215238        0.195781
MDMin:   10 16:03:57        0.181648        0.173857
MDMin:   11 16:03:57        0.151143        0.148735
MDMin:   12 16:03:57        0.123387        0.120253
MDMin:   13 16:03:57        0.098979        0.090851
       Step     Time          Energy          fmax
MDMin:    0 16:18:16        0.654271        0.561297
MDMin:    1 16:18:16        0.638469        0.532233
MDMin:    2 16:18:16        0.595486        0.455867
MDMin:    3 16:18:16        0.535450        0.381767
MDMin:    4 16:18:16        0.469169        0.308787
MDMin:    5 16:18:16        0.404742        0.256958
MDMin:    6 16:18:16        0.347043        0.249741
MDMin:    7 16:18:16        0.296858        0.235273
MDMin:    8 16:18:16        0.253216        0.216299
MDMin:    9 16:18:17        0.215238        0.195781
MDMin:   10 16:18:17        0.181648        0.173857
MDMin:   11 16:18:17        0.151143        0.148735
MDMin:   12 16:18:17        0.123387        0.120253
MDMin:   13 16:18:17        0.098979        0.090851
       Step     Time          Energy          fmax
MDMin:    0 23:41:25        0.654271        0.561297
MDMin:    1 23:41:25        0.638469        0.532233
MDMin:    2 23:41:25        0.595486        0.455867
MDMin:    3 23:41:25        0.535450        0.381767
MDMin:    4 23:41:25        0.469169        0.308787
MDMin:    5 23:41:26        0.404742        0.256958
MDMin:    6 23:41:26        0.347043        0.249741
MDMin:    7 23:41:26        0.296858        0.235273
MDMin:    8 23:41:26        0.253216        0.216299
MDMin:    9 23:41:26        0.215238        0.195781
MDMin:   10 23:41:26        0.181648        0.173857
MDMin:   11 23:41:26        0.151143        0.148735
MDMin:   12 23:41:27        0.123387        0.120253
MDMin:   13 23:41:27        0.098979        0.090851
       Step     Time          Energy          fmax
MDMin:    0 00:45:19        0.654271        0.561297
MDMin:    1 00:45:19        0.638469        0.532233
MDMin:    2 00:45:19        0.595486        0.455867
MDMin:    3 00:45:19        0.535450        0.381767
MDMin:    4 00:45:19        0.469169        0.308787
MDMin:    5 00:45:19        0.404742        0.256958
MDMin:    6 00:45:19        0.347043        0.249741
MDMin:    7 00:45:19        0.296858        0.235273
MDMin:    8 00:45:19        0.253216        0.216299
MDMin:    9 00:45:20        0.215238        0.195781
MDMin:   10 00:45:20        0.181648        0.173857
MDMin:   11 00:45:20        0.151143        0.148735
MDMin:   12 00:45:20        0.123387        0.120253
MDMin:   13 00:45:20        0.098979        0.090851
